<?xml version="1.0" encoding="UTF-8"?>
<coverage generated="1675028721251" clover="3.2.0">
  <project timestamp="1675028721251" name="All files">
    <metrics statements="62" coveredstatements="62" conditionals="21" coveredconditionals="21" methods="23" coveredmethods="23" elements="106" coveredelements="106" complexity="0" loc="62" ncloc="62" packages="1" files="2" classes="2"/>
    <file name="File.ts" path="/Users/canberra/Documents/IIM/A4/04-TDD/Tdd/class/File.ts">
      <metrics statements="13" coveredstatements="13" conditionals="4" coveredconditionals="4" methods="4" coveredmethods="4"/>
      <line num="1" count="13" type="stmt"/>
      <line num="5" count="29" type="stmt"/>
      <line num="6" count="29" type="stmt"/>
      <line num="9" count="13" type="stmt"/>
      <line num="10" count="2" type="stmt"/>
      <line num="12" count="13" type="stmt"/>
      <line num="13" count="2" type="cond" truecount="2" falsecount="0"/>
      <line num="14" count="1" type="stmt"/>
      <line num="17" count="13" type="stmt"/>
      <line num="19" count="2" type="stmt"/>
      <line num="20" count="2" type="cond" truecount="2" falsecount="0"/>
      <line num="21" count="1" type="stmt"/>
      <line num="23" count="1" type="stmt"/>
    </file>
    <file name="Folder.ts" path="/Users/canberra/Documents/IIM/A4/04-TDD/Tdd/class/Folder.ts">
      <metrics statements="49" coveredstatements="49" conditionals="17" coveredconditionals="17" methods="19" coveredmethods="19"/>
      <line num="1" count="11" type="stmt"/>
      <line num="3" count="11" type="stmt"/>
      <line num="10" count="13" type="stmt"/>
      <line num="11" count="13" type="stmt"/>
      <line num="12" count="13" type="stmt"/>
      <line num="15" count="13" type="stmt"/>
      <line num="16" count="29" type="stmt"/>
      <line num="17" count="20" type="stmt"/>
      <line num="20" count="29" type="cond" truecount="1" falsecount="0"/>
      <line num="21" count="21" type="stmt"/>
      <line num="25" count="13" type="stmt"/>
      <line num="26" count="3" type="stmt"/>
      <line num="29" count="13" type="stmt"/>
      <line num="30" count="5" type="cond" truecount="2" falsecount="0"/>
      <line num="31" count="2" type="stmt"/>
      <line num="32" count="2" type="stmt"/>
      <line num="33" count="2" type="stmt"/>
      <line num="34" count="3" type="stmt"/>
      <line num="37" count="13" type="stmt"/>
      <line num="38" count="4" type="cond" truecount="2" falsecount="0"/>
      <line num="39" count="3" type="cond" truecount="2" falsecount="0"/>
      <line num="40" count="1" type="stmt"/>
      <line num="43" count="13" type="stmt"/>
      <line num="44" count="5" type="stmt"/>
      <line num="48" count="1" type="stmt"/>
      <line num="51" count="1" type="stmt"/>
      <line num="53" count="13" type="stmt"/>
      <line num="54" count="3" type="cond" truecount="1" falsecount="0"/>
      <line num="55" count="1" type="cond" truecount="1" falsecount="0"/>
      <line num="56" count="1" type="stmt"/>
      <line num="57" count="1" type="stmt"/>
      <line num="61" count="13" type="stmt"/>
      <line num="62" count="2" type="stmt"/>
      <line num="63" count="8" type="stmt"/>
      <line num="64" count="8" type="stmt"/>
      <line num="65" count="8" type="cond" truecount="1" falsecount="0"/>
      <line num="66" count="4" type="cond" truecount="2" falsecount="0"/>
      <line num="67" count="2" type="cond" truecount="1" falsecount="0"/>
      <line num="69" count="4" type="cond" truecount="1" falsecount="0"/>
      <line num="70" count="4" type="cond" truecount="2" falsecount="0"/>
      <line num="71" count="2" type="cond" truecount="1" falsecount="0"/>
      <line num="74" count="2" type="stmt"/>
      <line num="76" count="13" type="stmt"/>
      <line num="77" count="2" type="stmt"/>
      <line num="78" count="2" type="stmt"/>
      <line num="79" count="2" type="stmt"/>
      <line num="83" count="11" type="stmt"/>
      <line num="84" count="2" type="stmt"/>
      <line num="85" count="2" type="stmt"/>
    </file>
  </project>
</coverage>
