{"/Users/canberra/Documents/IIM/A4/04-TDD/Tdd/class/File.ts": {"path":"/Users/canberra/Documents/IIM/A4/04-TDD/Tdd/class/File.ts","statementMap":{"0":{"start":{"line":5,"column":8},"end":{"line":5,"column":25}},"1":{"start":{"line":6,"column":8},"end":{"line":6,"column":28}},"2":{"start":{"line":1,"column":0},"end":{"line":1,"column":13}},"3":{"start":{"line":9,"column":11},"end":{"line":11,"column":null}},"4":{"start":{"line":10,"column":8},"end":{"line":10,"column":null}},"5":{"start":{"line":12,"column":11},"end":{"line":15,"column":null}},"6":{"start":{"line":13,"column":8},"end":{"line":14,"column":69}},"7":{"start":{"line":13,"column":38},"end":{"line":13,"column":null}},"8":{"start":{"line":14,"column":13},"end":{"line":14,"column":69}},"9":{"start":{"line":17,"column":11},"end":{"line":25,"column":null}},"10":{"start":{"line":19,"column":27},"end":{"line":19,"column":180}},"11":{"start":{"line":20,"column":8},"end":{"line":24,"column":null}},"12":{"start":{"line":21,"column":12},"end":{"line":21,"column":null}},"13":{"start":{"line":23,"column":12},"end":{"line":23,"column":null}}},"fnMap":{"0":{"name":"(anonymous_0)","decl":{"start":{"line":4,"column":4},"end":{"line":4,"column":16}},"loc":{"start":{"line":4,"column":20},"end":{"line":7,"column":5}}},"1":{"name":"(anonymous_1)","decl":{"start":{"line":9,"column":22},"end":{"line":9,"column":23}},"loc":{"start":{"line":9,"column":41},"end":{"line":11,"column":5}}},"2":{"name":"(anonymous_2)","decl":{"start":{"line":12,"column":17},"end":{"line":12,"column":18}},"loc":{"start":{"line":12,"column":36},"end":{"line":15,"column":5}}},"3":{"name":"(anonymous_3)","decl":{"start":{"line":17,"column":21},"end":{"line":17,"column":22}},"loc":{"start":{"line":17,"column":57},"end":{"line":25,"column":5}}}},"branchMap":{"0":{"loc":{"start":{"line":13,"column":8},"end":{"line":14,"column":69}},"type":"if","locations":[{"start":{"line":13,"column":8},"end":{"line":14,"column":69}},{"start":{"line":14,"column":13},"end":{"line":14,"column":69}}]},"1":{"loc":{"start":{"line":20,"column":8},"end":{"line":24,"column":null}},"type":"if","locations":[{"start":{"line":20,"column":8},"end":{"line":24,"column":null}},{"start":{"line":22,"column":15},"end":{"line":24,"column":null}}]}},"s":{"0":29,"1":29,"2":13,"3":13,"4":2,"5":13,"6":2,"7":1,"8":1,"9":13,"10":2,"11":2,"12":1,"13":1},"f":{"0":29,"1":2,"2":2,"3":2},"b":{"0":[1,1],"1":[1,1]}}
,"/Users/canberra/Documents/IIM/A4/04-TDD/Tdd/class/Folder.ts": {"path":"/Users/canberra/Documents/IIM/A4/04-TDD/Tdd/class/Folder.ts","statementMap":{"0":{"start":{"line":1,"column":0},"end":{"line":1,"column":28}},"1":{"start":{"line":15,"column":9},"end":{"line":23,"column":null}},"2":{"start":{"line":16,"column":24},"end":{"line":18,"column":6}},"3":{"start":{"line":17,"column":6},"end":{"line":17,"column":42}},"4":{"start":{"line":20,"column":4},"end":{"line":22,"column":null}},"5":{"start":{"line":21,"column":6},"end":{"line":21,"column":28}},"6":{"start":{"line":25,"column":9},"end":{"line":27,"column":null}},"7":{"start":{"line":26,"column":4},"end":{"line":26,"column":38}},"8":{"start":{"line":29,"column":9},"end":{"line":35,"column":null}},"9":{"start":{"line":30,"column":4},"end":{"line":34,"column":24}},"10":{"start":{"line":30,"column":32},"end":{"line":30,"column":53}},"11":{"start":{"line":31,"column":20},"end":{"line":31,"column":52}},"12":{"start":{"line":32,"column":6},"end":{"line":32,"column":34}},"13":{"start":{"line":33,"column":6},"end":{"line":33,"column":18}},"14":{"start":{"line":34,"column":11},"end":{"line":34,"column":24}},"15":{"start":{"line":37,"column":9},"end":{"line":41,"column":null}},"16":{"start":{"line":38,"column":4},"end":{"line":40,"column":21}},"17":{"start":{"line":38,"column":32},"end":{"line":38,"column":56}},"18":{"start":{"line":39,"column":6},"end":{"line":39,"column":97}},"19":{"start":{"line":40,"column":11},"end":{"line":40,"column":21}},"20":{"start":{"line":43,"column":9},"end":{"line":45,"column":null}},"21":{"start":{"line":44,"column":4},"end":{"line":44,"column":null}},"22":{"start":{"line":44,"column":35},"end":{"line":44,"column":63}},"23":{"start":{"line":53,"column":9},"end":{"line":59,"column":null}},"24":{"start":{"line":54,"column":4},"end":{"line":54,"column":null}},"25":{"start":{"line":54,"column":33},"end":{"line":54,"column":55}},"26":{"start":{"line":54,"column":58},"end":{"line":54,"column":null}},"27":{"start":{"line":55,"column":6},"end":{"line":58,"column":null}},"28":{"start":{"line":56,"column":22},"end":{"line":56,"column":55}},"29":{"start":{"line":57,"column":8},"end":{"line":57,"column":36}},"30":{"start":{"line":61,"column":9},"end":{"line":75,"column":null}},"31":{"start":{"line":62,"column":4},"end":{"line":73,"column":7}},"32":{"start":{"line":63,"column":18},"end":{"line":63,"column":38}},"33":{"start":{"line":64,"column":18},"end":{"line":64,"column":38}},"34":{"start":{"line":65,"column":6},"end":{"line":68,"column":null}},"35":{"start":{"line":66,"column":8},"end":{"line":67,"column":null}},"36":{"start":{"line":66,"column":35},"end":{"line":66,"column":null}},"37":{"start":{"line":67,"column":14},"end":{"line":67,"column":null}},"38":{"start":{"line":67,"column":42},"end":{"line":67,"column":null}},"39":{"start":{"line":69,"column":6},"end":{"line":72,"column":null}},"40":{"start":{"line":70,"column":8},"end":{"line":71,"column":null}},"41":{"start":{"line":70,"column":35},"end":{"line":70,"column":null}},"42":{"start":{"line":71,"column":14},"end":{"line":71,"column":null}},"43":{"start":{"line":71,"column":42},"end":{"line":71,"column":null}},"44":{"start":{"line":74,"column":4},"end":{"line":74,"column":null}},"45":{"start":{"line":76,"column":9},"end":{"line":81,"column":null}},"46":{"start":{"line":77,"column":4},"end":{"line":80,"column":null}},"47":{"start":{"line":78,"column":20},"end":{"line":78,"column":41}},"48":{"start":{"line":79,"column":6},"end":{"line":79,"column":34}},"49":{"start":{"line":10,"column":4},"end":{"line":10,"column":21}},"50":{"start":{"line":11,"column":4},"end":{"line":11,"column":20}},"51":{"start":{"line":12,"column":4},"end":{"line":12,"column":28}},"52":{"start":{"line":48,"column":4},"end":{"line":48,"column":null}},"53":{"start":{"line":51,"column":4},"end":{"line":51,"column":null}},"54":{"start":{"line":3,"column":0},"end":{"line":3,"column":13}},"55":{"start":{"line":83,"column":9},"end":{"line":86,"column":null}},"56":{"start":{"line":84,"column":4},"end":{"line":84,"column":null}},"57":{"start":{"line":85,"column":4},"end":{"line":85,"column":null}}},"fnMap":{"0":{"name":"(anonymous_0)","decl":{"start":{"line":9,"column":2},"end":{"line":9,"column":14}},"loc":{"start":{"line":9,"column":18},"end":{"line":13,"column":3}}},"1":{"name":"(anonymous_1)","decl":{"start":{"line":15,"column":19},"end":{"line":15,"column":20}},"loc":{"start":{"line":15,"column":34},"end":{"line":23,"column":3}}},"2":{"name":"(anonymous_2)","decl":{"start":{"line":16,"column":40},"end":{"line":16,"column":41}},"loc":{"start":{"line":16,"column":48},"end":{"line":18,"column":5}}},"3":{"name":"(anonymous_3)","decl":{"start":{"line":25,"column":21},"end":{"line":25,"column":22}},"loc":{"start":{"line":25,"column":55},"end":{"line":27,"column":3}}},"4":{"name":"(anonymous_4)","decl":{"start":{"line":29,"column":22},"end":{"line":29,"column":23}},"loc":{"start":{"line":29,"column":54},"end":{"line":35,"column":3}}},"5":{"name":"(anonymous_5)","decl":{"start":{"line":30,"column":24},"end":{"line":30,"column":28}},"loc":{"start":{"line":30,"column":32},"end":{"line":30,"column":53}}},"6":{"name":"(anonymous_6)","decl":{"start":{"line":37,"column":25},"end":{"line":37,"column":26}},"loc":{"start":{"line":37,"column":79},"end":{"line":41,"column":3}}},"7":{"name":"(anonymous_7)","decl":{"start":{"line":38,"column":24},"end":{"line":38,"column":28}},"loc":{"start":{"line":38,"column":32},"end":{"line":38,"column":56}}},"8":{"name":"(anonymous_8)","decl":{"start":{"line":43,"column":20},"end":{"line":43,"column":21}},"loc":{"start":{"line":43,"column":53},"end":{"line":45,"column":3}}},"9":{"name":"(anonymous_9)","decl":{"start":{"line":44,"column":27},"end":{"line":44,"column":31}},"loc":{"start":{"line":44,"column":35},"end":{"line":44,"column":63}}},"10":{"name":"(anonymous_10)","decl":{"start":{"line":53,"column":23},"end":{"line":53,"column":24}},"loc":{"start":{"line":53,"column":47},"end":{"line":59,"column":3}}},"11":{"name":"(anonymous_11)","decl":{"start":{"line":54,"column":25},"end":{"line":54,"column":29}},"loc":{"start":{"line":54,"column":33},"end":{"line":54,"column":55}}},"12":{"name":"(anonymous_12)","decl":{"start":{"line":61,"column":16},"end":{"line":61,"column":17}},"loc":{"start":{"line":61,"column":61},"end":{"line":75,"column":1}}},"13":{"name":"(anonymous_13)","decl":{"start":{"line":62,"column":28},"end":{"line":62,"column":37}},"loc":{"start":{"line":62,"column":41},"end":{"line":73,"column":5}}},"14":{"name":"(anonymous_14)","decl":{"start":{"line":76,"column":21},"end":{"line":76,"column":22}},"loc":{"start":{"line":76,"column":47},"end":{"line":81,"column":3}}},"15":{"name":"(anonymous_15)","decl":{"start":{"line":77,"column":32},"end":{"line":77,"column":33}},"loc":{"start":{"line":77,"column":38},"end":{"line":80,"column":5}}},"16":{"name":"(anonymous_16)","decl":{"start":{"line":47,"column":9},"end":{"line":47,"column":19}},"loc":{"start":{"line":47,"column":51},"end":{"line":49,"column":3}}},"17":{"name":"(anonymous_17)","decl":{"start":{"line":50,"column":9},"end":{"line":50,"column":21}},"loc":{"start":{"line":50,"column":59},"end":{"line":52,"column":3}}},"18":{"name":"(anonymous_18)","decl":{"start":{"line":83,"column":15},"end":{"line":83,"column":16}},"loc":{"start":{"line":83,"column":51},"end":{"line":86,"column":3}}}},"branchMap":{"0":{"loc":{"start":{"line":20,"column":4},"end":{"line":22,"column":null}},"type":"if","locations":[{"start":{"line":20,"column":4},"end":{"line":22,"column":null}}]},"1":{"loc":{"start":{"line":30,"column":4},"end":{"line":34,"column":24}},"type":"if","locations":[{"start":{"line":30,"column":4},"end":{"line":34,"column":24}},{"start":{"line":34,"column":11},"end":{"line":34,"column":24}}]},"2":{"loc":{"start":{"line":38,"column":4},"end":{"line":40,"column":21}},"type":"if","locations":[{"start":{"line":38,"column":4},"end":{"line":40,"column":21}},{"start":{"line":40,"column":11},"end":{"line":40,"column":21}}]},"3":{"loc":{"start":{"line":39,"column":62},"end":{"line":39,"column":93}},"type":"cond-expr","locations":[{"start":{"line":39,"column":74},"end":{"line":39,"column":83}},{"start":{"line":39,"column":86},"end":{"line":39,"column":93}}]},"4":{"loc":{"start":{"line":54,"column":4},"end":{"line":54,"column":null}},"type":"if","locations":[{"start":{"line":54,"column":4},"end":{"line":54,"column":null}}]},"5":{"loc":{"start":{"line":55,"column":6},"end":{"line":58,"column":null}},"type":"if","locations":[{"start":{"line":55,"column":6},"end":{"line":58,"column":null}}]},"6":{"loc":{"start":{"line":65,"column":6},"end":{"line":68,"column":null}},"type":"if","locations":[{"start":{"line":65,"column":6},"end":{"line":68,"column":null}}]},"7":{"loc":{"start":{"line":66,"column":8},"end":{"line":67,"column":null}},"type":"if","locations":[{"start":{"line":66,"column":8},"end":{"line":67,"column":null}},{"start":{"line":67,"column":14},"end":{"line":67,"column":null}}]},"8":{"loc":{"start":{"line":67,"column":14},"end":{"line":67,"column":null}},"type":"if","locations":[{"start":{"line":67,"column":14},"end":{"line":67,"column":null}}]},"9":{"loc":{"start":{"line":69,"column":6},"end":{"line":72,"column":null}},"type":"if","locations":[{"start":{"line":69,"column":6},"end":{"line":72,"column":null}}]},"10":{"loc":{"start":{"line":70,"column":8},"end":{"line":71,"column":null}},"type":"if","locations":[{"start":{"line":70,"column":8},"end":{"line":71,"column":null}},{"start":{"line":71,"column":14},"end":{"line":71,"column":null}}]},"11":{"loc":{"start":{"line":71,"column":14},"end":{"line":71,"column":null}},"type":"if","locations":[{"start":{"line":71,"column":14},"end":{"line":71,"column":null}}]}},"s":{"0":11,"1":13,"2":29,"3":20,"4":29,"5":21,"6":13,"7":3,"8":13,"9":5,"10":5,"11":2,"12":2,"13":2,"14":3,"15":13,"16":4,"17":4,"18":3,"19":1,"20":13,"21":3,"22":5,"23":13,"24":3,"25":2,"26":2,"27":1,"28":1,"29":1,"30":13,"31":2,"32":8,"33":8,"34":8,"35":4,"36":2,"37":2,"38":2,"39":4,"40":4,"41":2,"42":2,"43":2,"44":2,"45":13,"46":2,"47":2,"48":2,"49":13,"50":13,"51":13,"52":1,"53":1,"54":11,"55":11,"56":2,"57":2},"f":{"0":13,"1":29,"2":20,"3":3,"4":5,"5":5,"6":4,"7":4,"8":3,"9":5,"10":3,"11":2,"12":2,"13":8,"14":2,"15":2,"16":1,"17":1,"18":2},"b":{"0":[21],"1":[2,3],"2":[3,1],"3":[1,2],"4":[2],"5":[1],"6":[4],"7":[2,2],"8":[2],"9":[4],"10":[2,2],"11":[2]}}
}
