TN:
SF:class/File.ts
FN:4,(anonymous_0)
FN:9,(anonymous_1)
FN:12,(anonymous_2)
FN:17,(anonymous_3)
FNF:4
FNH:4
FNDA:29,(anonymous_0)
FNDA:2,(anonymous_1)
FNDA:2,(anonymous_2)
FNDA:2,(anonymous_3)
DA:1,13
DA:5,29
DA:6,29
DA:9,13
DA:10,2
DA:12,13
DA:13,2
DA:14,1
DA:17,13
DA:19,2
DA:20,2
DA:21,1
DA:23,1
LF:13
LH:13
BRDA:13,0,0,1
BRDA:13,0,1,1
BRDA:20,1,0,1
BRDA:20,1,1,1
BRF:4
BRH:4
end_of_record
TN:
SF:class/Folder.ts
FN:9,(anonymous_0)
FN:15,(anonymous_1)
FN:16,(anonymous_2)
FN:25,(anonymous_3)
FN:29,(anonymous_4)
FN:30,(anonymous_5)
FN:37,(anonymous_6)
FN:38,(anonymous_7)
FN:43,(anonymous_8)
FN:44,(anonymous_9)
FN:53,(anonymous_10)
FN:54,(anonymous_11)
FN:61,(anonymous_12)
FN:62,(anonymous_13)
FN:76,(anonymous_14)
FN:77,(anonymous_15)
FN:47,(anonymous_16)
FN:50,(anonymous_17)
FN:83,(anonymous_18)
FNF:19
FNH:19
FNDA:13,(anonymous_0)
FNDA:29,(anonymous_1)
FNDA:20,(anonymous_2)
FNDA:3,(anonymous_3)
FNDA:5,(anonymous_4)
FNDA:5,(anonymous_5)
FNDA:4,(anonymous_6)
FNDA:4,(anonymous_7)
FNDA:3,(anonymous_8)
FNDA:5,(anonymous_9)
FNDA:3,(anonymous_10)
FNDA:2,(anonymous_11)
FNDA:2,(anonymous_12)
FNDA:8,(anonymous_13)
FNDA:2,(anonymous_14)
FNDA:2,(anonymous_15)
FNDA:1,(anonymous_16)
FNDA:1,(anonymous_17)
FNDA:2,(anonymous_18)
DA:1,11
DA:3,11
DA:10,13
DA:11,13
DA:12,13
DA:15,13
DA:16,29
DA:17,20
DA:20,29
DA:21,21
DA:25,13
DA:26,3
DA:29,13
DA:30,5
DA:31,2
DA:32,2
DA:33,2
DA:34,3
DA:37,13
DA:38,4
DA:39,3
DA:40,1
DA:43,13
DA:44,5
DA:48,1
DA:51,1
DA:53,13
DA:54,3
DA:55,1
DA:56,1
DA:57,1
DA:61,13
DA:62,2
DA:63,8
DA:64,8
DA:65,8
DA:66,4
DA:67,2
DA:69,4
DA:70,4
DA:71,2
DA:74,2
DA:76,13
DA:77,2
DA:78,2
DA:79,2
DA:83,11
DA:84,2
DA:85,2
LF:49
LH:49
BRDA:20,0,0,21
BRDA:30,1,0,2
BRDA:30,1,1,3
BRDA:38,2,0,3
BRDA:38,2,1,1
BRDA:39,3,0,1
BRDA:39,3,1,2
BRDA:54,4,0,2
BRDA:55,5,0,1
BRDA:65,6,0,4
BRDA:66,7,0,2
BRDA:66,7,1,2
BRDA:67,8,0,2
BRDA:69,9,0,4
BRDA:70,10,0,2
BRDA:70,10,1,2
BRDA:71,11,0,2
BRF:17
BRH:17
end_of_record
